<?xml version="1.0" encoding="UTF-8"?>
<!-- Generated by org.testng.reporters.JUnitReportReporter -->
<testsuite hostname="LAPTOP-VKBHV4LJ" failures="0" tests="1" name="DesiredCapabilities_CrossBrowser.EdgeOptions" time="7.152" errors="0" timestamp="2024-10-16T19:50:45 GST" skipped="0">
  <testcase classname="DesiredCapabilities_CrossBrowser.EdgeOptions" name="testonchrome" time="7.152"/>
  <system-out/>
</testsuite> <!-- DesiredCapabilities_CrossBrowser.EdgeOptions -->
