<?xml version="1.0" encoding="UTF-8"?>
<!-- Generated by org.testng.reporters.JUnitReportReporter -->
<testsuite hostname="LAPTOP-VKBHV4LJ" failures="0" tests="1" name="DesiredCapabilities_CrossBrowser.ChromeOptions" time="4.956" errors="0" timestamp="2024-10-16T19:50:45 GST" skipped="0">
  <testcase classname="DesiredCapabilities_CrossBrowser.ChromeOptions" name="testonchrome" time="4.956"/>
  <system-out/>
</testsuite> <!-- DesiredCapabilities_CrossBrowser.ChromeOptions -->
