<?xml version="1.0" encoding="UTF-8"?>
<!-- Generated by org.testng.reporters.JUnitReportReporter -->
<testsuite hostname="LAPTOP-VKBHV4LJ" failures="0" tests="1" name="DesiredCapabilities_CrossBrowser.FirefoxOptions" time="8.147" errors="0" timestamp="2024-10-16T19:50:45 GST" skipped="0">
  <testcase classname="DesiredCapabilities_CrossBrowser.FirefoxOptions" name="testonchrome" time="8.147"/>
  <system-out/>
</testsuite> <!-- DesiredCapabilities_CrossBrowser.FirefoxOptions -->
